


          SolidWorks Corporation - STEP Processor Error Log
          ______________________________________________________

                       STEP Post Processor
                       ___________________


STEP File Name: C:\Users\Mariano\Dropbox\EEST5 Mini Sumo\2020 - Equisdecito\2020 - Equisdecito.step



Error: El tipo de entidad no está soportado.
STEP: la importación no se ha completado satisfactoriamente.
Las superficies se procesaron satisfactoriamente
para formar el sólido.
STEP: la importación se ha completado.Las superficies se procesaron satisfactoriamente
para formar el sólido.
STEP: la importación se ha completado.Las superficies se procesaron satisfactoriamente
para formar el sólido.
STEP: la importación se ha completado.Las superficies se procesaron satisfactoriamente
para formar el sólido.
STEP: la importación se ha completado.Las superficies se procesaron satisfactoriamente
para formar el sólido.
STEP: la importación se ha completado.Las superficies se procesaron satisfactoriamente
para formar el sólido.
STEP: la importación se ha completado.Las superficies se procesaron satisfactoriamente
para formar el sólido.
STEP: la importación se ha completado.Las superficies se procesaron satisfactoriamente
para formar el sólido.
STEP: la importación se ha completado.Las superficies se procesaron satisfactoriamente
para formar el sólido.
STEP: la importación se ha completado.Las superficies se procesaron satisfactoriamente
para formar el sólido.
STEP: la importación se ha completado.Las superficies se procesaron satisfactoriamente
para formar el sólido.
STEP: la importación se ha completado.Las superficies se procesaron satisfactoriamente
para formar el sólido.
STEP: la importación se ha completado.Las superficies se procesaron satisfactoriamente
para formar el sólido.
STEP: la importación se ha completado.Las superficies se procesaron satisfactoriamente
para formar el sólido.
STEP: la importación se ha completado.Las superficies se procesaron satisfactoriamente
para formar el sólido.
STEP: la importación se ha completado.Las superficies se procesaron satisfactoriamente
para formar el sólido.
STEP: la importación se ha completado.Las superficies se procesaron satisfactoriamente
para formar el sólido.
STEP: la importación se ha completado.Las superficies se procesaron satisfactoriamente
para formar el sólido.
STEP: la importación se ha completado.Las superficies se procesaron satisfactoriamente
para formar el sólido.
STEP: la importación se ha completado.Las superficies se procesaron satisfactoriamente
para formar el sólido.
STEP: la importación se ha completado.Las superficies se procesaron satisfactoriamente
para formar el sólido.
STEP: la importación se ha completado.Las superficies se procesaron satisfactoriamente
para formar el sólido.
STEP: la importación se ha completado.Las superficies se procesaron satisfactoriamente
para formar el sólido.
STEP: la importación se ha completado.Las superficies se procesaron satisfactoriamente
para formar el sólido.
STEP: la importación se ha completado.Las superficies se procesaron satisfactoriamente
para formar el sólido.
STEP: la importación se ha completado.Las superficies se procesaron satisfactoriamente
para formar el sólido.
STEP: la importación se ha completado.Las superficies se procesaron satisfactoriamente
para formar el sólido.
STEP: la importación se ha completado.Las superficies se procesaron satisfactoriamente
para formar el sólido.
STEP: la importación se ha completado.Las superficies se procesaron satisfactoriamente
para formar el sólido.
STEP: la importación se ha completado.Las superficies se procesaron satisfactoriamente
para formar el sólido.
STEP: la importación se ha completado.Las superficies se procesaron satisfactoriamente
para formar el sólido.
STEP: la importación se ha completado.Las superficies se procesaron satisfactoriamente
para formar el sólido.
STEP: la importación se ha completado.Las superficies se procesaron satisfactoriamente
para formar el sólido.
STEP: la importación se ha completado.Las superficies se procesaron satisfactoriamente
para formar el sólido.
STEP: la importación se ha completado.Las superficies se procesaron satisfactoriamente
para formar el sólido.
STEP: la importación se ha completado.Las superficies se procesaron satisfactoriamente
para formar el sólido.
STEP: la importación se ha completado.Las superficies se procesaron satisfactoriamente
para formar el sólido.
STEP: la importación se ha completado.Las superficies se procesaron satisfactoriamente
para formar el sólido.
STEP: la importación se ha completado.Las superficies se procesaron satisfactoriamente
para formar el sólido.
STEP: la importación se ha completado.Las superficies se procesaron satisfactoriamente
para formar el sólido.
STEP: la importación se ha completado.Las superficies se procesaron satisfactoriamente
para formar el sólido.
STEP: la importación se ha completado.Las superficies se procesaron satisfactoriamente
para formar el sólido.
STEP: la importación se ha completado.Las superficies se procesaron satisfactoriamente
para formar el sólido.
STEP: la importación se ha completado.Las superficies se procesaron satisfactoriamente
para formar el sólido.
STEP: la importación se ha completado.Las superficies se procesaron satisfactoriamente
para formar el sólido.
STEP: la importación se ha completado.Las superficies se procesaron satisfactoriamente
para formar el sólido.
STEP: la importación se ha completado.Las superficies se procesaron satisfactoriamente
para formar el sólido.
STEP: la importación se ha completado.Las superficies se procesaron satisfactoriamente
para formar el sólido.
STEP: la importación se ha completado.Las superficies se procesaron satisfactoriamente
para formar el sólido.
STEP: la importación se ha completado.Las superficies se procesaron satisfactoriamente
para formar el sólido.
STEP: la importación se ha completado.Las superficies se procesaron satisfactoriamente
para formar el sólido.
STEP: la importación se ha completado.Las superficies se procesaron satisfactoriamente
para formar el sólido.
STEP: la importación se ha completado.Las superficies se procesaron satisfactoriamente
para formar el sólido.
STEP: la importación se ha completado.Las superficies se procesaron satisfactoriamente
para formar el sólido.
STEP: la importación se ha completado.Las superficies se procesaron satisfactoriamente
para formar el sólido.
STEP: la importación se ha completado.Las superficies se procesaron satisfactoriamente
para formar el sólido.
STEP: la importación se ha completado.Las superficies se procesaron satisfactoriamente
para formar el sólido.
STEP: la importación se ha completado.Las superficies se procesaron satisfactoriamente
para formar el sólido.
STEP: la importación se ha completado.Las superficies se procesaron satisfactoriamente
para formar el sólido.
STEP: la importación se ha completado.Las superficies se procesaron satisfactoriamente
para formar el sólido.
STEP: la importación se ha completado.
Error: No se puede crear un sólido de superficies
recortadas.
STEP: la importación no se ha completado satisfactoriamente.
Las superficies se procesaron satisfactoriamente
para formar el sólido.
STEP: la importación se ha completado.
Error: No se puede crear un sólido de superficies
recortadas.
STEP: la importación no se ha completado satisfactoriamente.
XLTR: Circuit sanity failure
XLTR: Circuit sanity failure
Advertencia: Surface problem...El constructor de la superficie recortada constructor no pudo  
converger hacia una solución.
Las superficies se procesaron satisfactoriamente
para formar el sólido.
STEP: la importación se ha completado.Las superficies se procesaron satisfactoriamente
para formar el sólido.
STEP: la importación se ha completado.Las superficies se procesaron satisfactoriamente
para formar el sólido.
STEP: la importación se ha completado.Las superficies se procesaron satisfactoriamente
para formar el sólido.
STEP: la importación se ha completado.Las superficies se procesaron satisfactoriamente
para formar el sólido.
STEP: la importación se ha completado.Las superficies se procesaron satisfactoriamente
para formar el sólido.
STEP: la importación se ha completado.Las superficies se procesaron satisfactoriamente
para formar el sólido.
STEP: la importación se ha completado.Las superficies se procesaron satisfactoriamente
para formar el sólido.
STEP: la importación se ha completado.Las superficies se procesaron satisfactoriamente
para formar el sólido.
STEP: la importación se ha completado.Las superficies se procesaron satisfactoriamente
para formar el sólido.
STEP: la importación se ha completado.Las superficies se procesaron satisfactoriamente
para formar el sólido.
STEP: la importación se ha completado.Las superficies se procesaron satisfactoriamente
para formar el sólido.
STEP: la importación se ha completado.